{"/Users/stanleychu/FEC/src/components/general/Stars.jsx": {"path":"/Users/stanleychu/FEC/src/components/general/Stars.jsx","statementMap":{"0":{"start":{"line":4,"column":24},"end":{"line":4,"column":56}},"1":{"start":{"line":6,"column":2},"end":{"line":8,"column":3}},"2":{"start":{"line":7,"column":4},"end":{"line":7,"column":16}},"3":{"start":{"line":10,"column":24},"end":{"line":64,"column":3}},"4":{"start":{"line":11,"column":22},"end":{"line":11,"column":47}},"5":{"start":{"line":12,"column":24},"end":{"line":12,"column":49}},"6":{"start":{"line":14,"column":23},"end":{"line":62,"column":6}},"7":{"start":{"line":15,"column":6},"end":{"line":53,"column":7}},"8":{"start":{"line":16,"column":8},"end":{"line":23,"column":10}},"9":{"start":{"line":24,"column":13},"end":{"line":53,"column":7}},"10":{"start":{"line":25,"column":8},"end":{"line":52,"column":9}},"11":{"start":{"line":26,"column":10},"end":{"line":33,"column":12}},"12":{"start":{"line":34,"column":15},"end":{"line":52,"column":9}},"13":{"start":{"line":35,"column":10},"end":{"line":42,"column":12}},"14":{"start":{"line":43,"column":15},"end":{"line":52,"column":9}},"15":{"start":{"line":44,"column":10},"end":{"line":51,"column":12}},"16":{"start":{"line":54,"column":6},"end":{"line":61,"column":8}},"17":{"start":{"line":63,"column":4},"end":{"line":63,"column":22}},"18":{"start":{"line":66,"column":2},"end":{"line":66,"column":66}}},"fnMap":{"0":{"name":"Stars","decl":{"start":{"line":3,"column":24},"end":{"line":3,"column":29}},"loc":{"start":{"line":3,"column":60},"end":{"line":67,"column":1}},"line":3},"1":{"name":"(anonymous_1)","decl":{"start":{"line":10,"column":24},"end":{"line":10,"column":25}},"loc":{"start":{"line":10,"column":30},"end":{"line":64,"column":3}},"line":10},"2":{"name":"(anonymous_2)","decl":{"start":{"line":14,"column":53},"end":{"line":14,"column":54}},"loc":{"start":{"line":14,"column":63},"end":{"line":62,"column":5}},"line":14}},"branchMap":{"0":{"loc":{"start":{"line":3,"column":32},"end":{"line":3,"column":42}},"type":"default-arg","locations":[{"start":{"line":3,"column":41},"end":{"line":3,"column":42}}],"line":3},"1":{"loc":{"start":{"line":3,"column":44},"end":{"line":3,"column":56}},"type":"default-arg","locations":[{"start":{"line":3,"column":51},"end":{"line":3,"column":56}}],"line":3},"2":{"loc":{"start":{"line":6,"column":2},"end":{"line":8,"column":3}},"type":"if","locations":[{"start":{"line":6,"column":2},"end":{"line":8,"column":3}},{"start":{},"end":{}}],"line":6},"3":{"loc":{"start":{"line":6,"column":6},"end":{"line":6,"column":33}},"type":"binary-expr","locations":[{"start":{"line":6,"column":6},"end":{"line":6,"column":10}},{"start":{"line":6,"column":14},"end":{"line":6,"column":33}}],"line":6},"4":{"loc":{"start":{"line":15,"column":6},"end":{"line":53,"column":7}},"type":"if","locations":[{"start":{"line":15,"column":6},"end":{"line":53,"column":7}},{"start":{"line":24,"column":13},"end":{"line":53,"column":7}}],"line":15},"5":{"loc":{"start":{"line":24,"column":13},"end":{"line":53,"column":7}},"type":"if","locations":[{"start":{"line":24,"column":13},"end":{"line":53,"column":7}},{"start":{},"end":{}}],"line":24},"6":{"loc":{"start":{"line":25,"column":8},"end":{"line":52,"column":9}},"type":"if","locations":[{"start":{"line":25,"column":8},"end":{"line":52,"column":9}},{"start":{"line":34,"column":15},"end":{"line":52,"column":9}}],"line":25},"7":{"loc":{"start":{"line":34,"column":15},"end":{"line":52,"column":9}},"type":"if","locations":[{"start":{"line":34,"column":15},"end":{"line":52,"column":9}},{"start":{"line":43,"column":15},"end":{"line":52,"column":9}}],"line":34},"8":{"loc":{"start":{"line":43,"column":15},"end":{"line":52,"column":9}},"type":"if","locations":[{"start":{"line":43,"column":15},"end":{"line":52,"column":9}},{"start":{},"end":{}}],"line":43}},"s":{"0":4,"1":4,"2":2,"3":2,"4":2,"5":2,"6":2,"7":10,"8":8,"9":2,"10":2,"11":0,"12":2,"13":2,"14":0,"15":0,"16":0,"17":2,"18":2},"f":{"0":4,"1":2,"2":10},"b":{"0":[0],"1":[0],"2":[2,2],"3":[4,4],"4":[8,2],"5":[2,0],"6":[0,2],"7":[2,0],"8":[0,0]},"_coverageSchema":"1a1c01bbd47fc00a2c39e90264f33305004495a9","hash":"f8924cdf12f2cabe5a536c57af5dde6f1cfe30b2"}
,"/Users/stanleychu/FEC/src/components/overview/cart.jsx": {"path":"/Users/stanleychu/FEC/src/components/overview/cart.jsx","statementMap":{"0":{"start":{"line":4,"column":12},"end":{"line":4,"column":28}},"1":{"start":{"line":6,"column":13},"end":{"line":187,"column":1}},"2":{"start":{"line":7,"column":71},"end":{"line":7,"column":109}},"3":{"start":{"line":7,"column":94},"end":{"line":7,"column":108}},"4":{"start":{"line":8,"column":19},"end":{"line":8,"column":32}},"5":{"start":{"line":12,"column":42},"end":{"line":12,"column":53}},"6":{"start":{"line":15,"column":26},"end":{"line":15,"column":38}},"7":{"start":{"line":16,"column":34},"end":{"line":16,"column":45}},"8":{"start":{"line":26,"column":2},"end":{"line":31,"column":22}},"9":{"start":{"line":27,"column":4},"end":{"line":27,"column":23}},"10":{"start":{"line":28,"column":4},"end":{"line":28,"column":75}},"11":{"start":{"line":29,"column":4},"end":{"line":29,"column":16}},"12":{"start":{"line":30,"column":4},"end":{"line":30,"column":19}},"13":{"start":{"line":37,"column":23},"end":{"line":43,"column":3}},"14":{"start":{"line":38,"column":17},"end":{"line":41,"column":5}},"15":{"start":{"line":42,"column":4},"end":{"line":42,"column":34}},"16":{"start":{"line":50,"column":21},"end":{"line":64,"column":3}},"17":{"start":{"line":51,"column":22},"end":{"line":51,"column":24}},"18":{"start":{"line":52,"column":6},"end":{"line":56,"column":7}},"19":{"start":{"line":53,"column":8},"end":{"line":55,"column":9}},"20":{"start":{"line":54,"column":10},"end":{"line":54,"column":111}},"21":{"start":{"line":57,"column":6},"end":{"line":63,"column":7}},"22":{"start":{"line":58,"column":8},"end":{"line":58,"column":76}},"23":{"start":{"line":59,"column":8},"end":{"line":59,"column":74}},"24":{"start":{"line":60,"column":8},"end":{"line":60,"column":68}},"25":{"start":{"line":62,"column":8},"end":{"line":62,"column":27}},"26":{"start":{"line":70,"column":21},"end":{"line":82,"column":3}},"27":{"start":{"line":71,"column":18},"end":{"line":71,"column":54}},"28":{"start":{"line":73,"column":20},"end":{"line":73,"column":47}},"29":{"start":{"line":74,"column":18},"end":{"line":74,"column":45}},"30":{"start":{"line":76,"column":4},"end":{"line":76,"column":29}},"31":{"start":{"line":77,"column":4},"end":{"line":77,"column":23}},"32":{"start":{"line":78,"column":4},"end":{"line":78,"column":19}},"33":{"start":{"line":80,"column":4},"end":{"line":80,"column":81}},"34":{"start":{"line":81,"column":4},"end":{"line":81,"column":78}},"35":{"start":{"line":89,"column":25},"end":{"line":110,"column":3}},"36":{"start":{"line":90,"column":4},"end":{"line":90,"column":74}},"37":{"start":{"line":92,"column":22},"end":{"line":92,"column":24}},"38":{"start":{"line":94,"column":4},"end":{"line":109,"column":5}},"39":{"start":{"line":96,"column":6},"end":{"line":98,"column":7}},"40":{"start":{"line":96,"column":19},"end":{"line":96,"column":20}},"41":{"start":{"line":97,"column":8},"end":{"line":97,"column":28}},"42":{"start":{"line":99,"column":6},"end":{"line":101,"column":9}},"43":{"start":{"line":100,"column":8},"end":{"line":100,"column":42}},"44":{"start":{"line":103,"column":6},"end":{"line":105,"column":7}},"45":{"start":{"line":103,"column":19},"end":{"line":103,"column":20}},"46":{"start":{"line":104,"column":8},"end":{"line":104,"column":28}},"47":{"start":{"line":106,"column":6},"end":{"line":108,"column":9}},"48":{"start":{"line":107,"column":8},"end":{"line":107,"column":42}},"49":{"start":{"line":113,"column":25},"end":{"line":116,"column":3}},"50":{"start":{"line":114,"column":4},"end":{"line":114,"column":65}},"51":{"start":{"line":115,"column":4},"end":{"line":115,"column":53}},"52":{"start":{"line":119,"column":17},"end":{"line":137,"column":3}},"53":{"start":{"line":120,"column":4},"end":{"line":136,"column":5}},"54":{"start":{"line":121,"column":6},"end":{"line":121,"column":51}},"55":{"start":{"line":122,"column":6},"end":{"line":122,"column":83}},"56":{"start":{"line":123,"column":6},"end":{"line":123,"column":80}},"57":{"start":{"line":125,"column":6},"end":{"line":125,"column":59}},"58":{"start":{"line":126,"column":6},"end":{"line":135,"column":11}},"59":{"start":{"line":128,"column":9},"end":{"line":130,"column":10}},"60":{"start":{"line":129,"column":10},"end":{"line":129,"column":21}},"61":{"start":{"line":131,"column":9},"end":{"line":131,"column":56}},"62":{"start":{"line":134,"column":10},"end":{"line":134,"column":64}},"63":{"start":{"line":139,"column":16},"end":{"line":146,"column":3}},"64":{"start":{"line":151,"column":2},"end":{"line":186,"column":4}},"65":{"start":{"line":153,"column":27},"end":{"line":153,"column":70}},"66":{"start":{"line":158,"column":65},"end":{"line":158,"column":182}},"67":{"start":{"line":158,"column":200},"end":{"line":158,"column":217}},"68":{"start":{"line":158,"column":259},"end":{"line":158,"column":274}},"69":{"start":{"line":165,"column":78},"end":{"line":165,"column":126}},"70":{"start":{"line":165,"column":143},"end":{"line":165,"column":160}},"71":{"start":{"line":165,"column":222},"end":{"line":165,"column":241}},"72":{"start":{"line":173,"column":48},"end":{"line":173,"column":59}},"73":{"start":{"line":182,"column":34},"end":{"line":182,"column":49}}},"fnMap":{"0":{"name":"(anonymous_0)","decl":{"start":{"line":6,"column":13},"end":{"line":6,"column":14}},"loc":{"start":{"line":6,"column":19},"end":{"line":187,"column":1}},"line":6},"1":{"name":"(anonymous_1)","decl":{"start":{"line":7,"column":83},"end":{"line":7,"column":84}},"loc":{"start":{"line":7,"column":94},"end":{"line":7,"column":108}},"line":7},"2":{"name":"(anonymous_2)","decl":{"start":{"line":26,"column":12},"end":{"line":26,"column":13}},"loc":{"start":{"line":26,"column":18},"end":{"line":31,"column":3}},"line":26},"3":{"name":"(anonymous_3)","decl":{"start":{"line":37,"column":23},"end":{"line":37,"column":24}},"loc":{"start":{"line":37,"column":29},"end":{"line":43,"column":3}},"line":37},"4":{"name":"(anonymous_4)","decl":{"start":{"line":50,"column":21},"end":{"line":50,"column":22}},"loc":{"start":{"line":50,"column":36},"end":{"line":64,"column":3}},"line":50},"5":{"name":"(anonymous_5)","decl":{"start":{"line":70,"column":21},"end":{"line":70,"column":22}},"loc":{"start":{"line":70,"column":27},"end":{"line":82,"column":3}},"line":70},"6":{"name":"(anonymous_6)","decl":{"start":{"line":89,"column":25},"end":{"line":89,"column":26}},"loc":{"start":{"line":89,"column":31},"end":{"line":110,"column":3}},"line":89},"7":{"name":"(anonymous_7)","decl":{"start":{"line":99,"column":29},"end":{"line":99,"column":30}},"loc":{"start":{"line":99,"column":43},"end":{"line":101,"column":7}},"line":99},"8":{"name":"(anonymous_8)","decl":{"start":{"line":106,"column":29},"end":{"line":106,"column":30}},"loc":{"start":{"line":106,"column":43},"end":{"line":108,"column":7}},"line":106},"9":{"name":"(anonymous_9)","decl":{"start":{"line":113,"column":25},"end":{"line":113,"column":26}},"loc":{"start":{"line":113,"column":31},"end":{"line":116,"column":3}},"line":113},"10":{"name":"(anonymous_10)","decl":{"start":{"line":119,"column":17},"end":{"line":119,"column":18}},"loc":{"start":{"line":119,"column":23},"end":{"line":137,"column":3}},"line":119},"11":{"name":"(anonymous_11)","decl":{"start":{"line":127,"column":14},"end":{"line":127,"column":15}},"loc":{"start":{"line":127,"column":24},"end":{"line":132,"column":9}},"line":127},"12":{"name":"(anonymous_12)","decl":{"start":{"line":133,"column":15},"end":{"line":133,"column":16}},"loc":{"start":{"line":133,"column":26},"end":{"line":135,"column":9}},"line":133},"13":{"name":"(anonymous_13)","decl":{"start":{"line":153,"column":19},"end":{"line":153,"column":20}},"loc":{"start":{"line":153,"column":25},"end":{"line":153,"column":72}},"line":153},"14":{"name":"(anonymous_14)","decl":{"start":{"line":158,"column":58},"end":{"line":158,"column":59}},"loc":{"start":{"line":158,"column":63},"end":{"line":158,"column":183}},"line":158},"15":{"name":"(anonymous_15)","decl":{"start":{"line":158,"column":194},"end":{"line":158,"column":195}},"loc":{"start":{"line":158,"column":199},"end":{"line":158,"column":218}},"line":158},"16":{"name":"(anonymous_16)","decl":{"start":{"line":158,"column":251},"end":{"line":158,"column":252}},"loc":{"start":{"line":158,"column":257},"end":{"line":158,"column":276}},"line":158},"17":{"name":"(anonymous_17)","decl":{"start":{"line":165,"column":69},"end":{"line":165,"column":70}},"loc":{"start":{"line":165,"column":76},"end":{"line":165,"column":127}},"line":165},"18":{"name":"(anonymous_18)","decl":{"start":{"line":165,"column":137},"end":{"line":165,"column":138}},"loc":{"start":{"line":165,"column":142},"end":{"line":165,"column":161}},"line":165},"19":{"name":"(anonymous_19)","decl":{"start":{"line":165,"column":214},"end":{"line":165,"column":215}},"loc":{"start":{"line":165,"column":220},"end":{"line":165,"column":243}},"line":165},"20":{"name":"(anonymous_20)","decl":{"start":{"line":173,"column":40},"end":{"line":173,"column":41}},"loc":{"start":{"line":173,"column":46},"end":{"line":173,"column":61}},"line":173},"21":{"name":"(anonymous_21)","decl":{"start":{"line":182,"column":27},"end":{"line":182,"column":28}},"loc":{"start":{"line":182,"column":33},"end":{"line":182,"column":50}},"line":182}},"branchMap":{"0":{"loc":{"start":{"line":53,"column":8},"end":{"line":55,"column":9}},"type":"if","locations":[{"start":{"line":53,"column":8},"end":{"line":55,"column":9}},{"start":{},"end":{}}],"line":53},"1":{"loc":{"start":{"line":57,"column":6},"end":{"line":63,"column":7}},"type":"if","locations":[{"start":{"line":57,"column":6},"end":{"line":63,"column":7}},{"start":{"line":61,"column":13},"end":{"line":63,"column":7}}],"line":57},"2":{"loc":{"start":{"line":94,"column":4},"end":{"line":109,"column":5}},"type":"if","locations":[{"start":{"line":94,"column":4},"end":{"line":109,"column":5}},{"start":{"line":102,"column":11},"end":{"line":109,"column":5}}],"line":94},"3":{"loc":{"start":{"line":120,"column":4},"end":{"line":136,"column":5}},"type":"if","locations":[{"start":{"line":120,"column":4},"end":{"line":136,"column":5}},{"start":{"line":124,"column":11},"end":{"line":136,"column":5}}],"line":120},"4":{"loc":{"start":{"line":128,"column":9},"end":{"line":130,"column":10}},"type":"if","locations":[{"start":{"line":128,"column":9},"end":{"line":130,"column":10}},{"start":{},"end":{}}],"line":128},"5":{"loc":{"start":{"line":158,"column":65},"end":{"line":158,"column":182}},"type":"cond-expr","locations":[{"start":{"line":158,"column":106},"end":{"line":158,"column":175}},{"start":{"line":158,"column":178},"end":{"line":158,"column":182}}],"line":158},"6":{"loc":{"start":{"line":159,"column":18},"end":{"line":159,"column":126}},"type":"cond-expr","locations":[{"start":{"line":159,"column":34},"end":{"line":159,"column":119}},{"start":{"line":159,"column":122},"end":{"line":159,"column":126}}],"line":159},"7":{"loc":{"start":{"line":160,"column":17},"end":{"line":160,"column":77}},"type":"cond-expr","locations":[{"start":{"line":160,"column":38},"end":{"line":160,"column":70}},{"start":{"line":160,"column":73},"end":{"line":160,"column":77}}],"line":160},"8":{"loc":{"start":{"line":165,"column":78},"end":{"line":165,"column":126}},"type":"cond-expr","locations":[{"start":{"line":165,"column":93},"end":{"line":165,"column":119}},{"start":{"line":165,"column":122},"end":{"line":165,"column":126}}],"line":165},"9":{"loc":{"start":{"line":166,"column":15},"end":{"line":166,"column":108}},"type":"cond-expr","locations":[{"start":{"line":166,"column":30},"end":{"line":166,"column":48}},{"start":{"line":166,"column":52},"end":{"line":166,"column":108}}],"line":166}},"s":{"0":1,"1":1,"2":10,"3":12,"4":9,"5":9,"6":9,"7":9,"8":9,"9":6,"10":6,"11":6,"12":6,"13":9,"14":0,"15":0,"16":9,"17":0,"18":0,"19":0,"20":0,"21":0,"22":0,"23":0,"24":0,"25":0,"26":9,"27":0,"28":0,"29":0,"30":0,"31":0,"32":0,"33":0,"34":0,"35":9,"36":0,"37":0,"38":0,"39":0,"40":0,"41":0,"42":0,"43":0,"44":0,"45":0,"46":0,"47":0,"48":0,"49":9,"50":0,"51":0,"52":9,"53":0,"54":0,"55":0,"56":0,"57":0,"58":0,"59":0,"60":0,"61":0,"62":0,"63":9,"64":9,"65":0,"66":0,"67":0,"68":0,"69":0,"70":0,"71":0,"72":0,"73":0},"f":{"0":10,"1":12,"2":6,"3":0,"4":0,"5":0,"6":0,"7":0,"8":0,"9":0,"10":0,"11":0,"12":0,"13":0,"14":0,"15":0,"16":0,"17":0,"18":0,"19":0,"20":0,"21":0},"b":{"0":[0,0],"1":[0,0],"2":[0,0],"3":[0,0],"4":[0,0],"5":[0,0],"6":[9,0],"7":[0,9],"8":[0,0],"9":[0,9]},"_coverageSchema":"1a1c01bbd47fc00a2c39e90264f33305004495a9","hash":"1303fd90892a62a05a7795f0b05489b0f61b362a"}
,"/Users/stanleychu/FEC/src/components/overview/image.jsx": {"path":"/Users/stanleychu/FEC/src/components/overview/image.jsx","statementMap":{"0":{"start":{"line":5,"column":21},"end":{"line":77,"column":1}},"1":{"start":{"line":6,"column":46},"end":{"line":6,"column":84}},"2":{"start":{"line":6,"column":69},"end":{"line":6,"column":83}},"3":{"start":{"line":10,"column":2},"end":{"line":14,"column":19}},"4":{"start":{"line":11,"column":4},"end":{"line":13,"column":5}},"5":{"start":{"line":12,"column":6},"end":{"line":12,"column":43}},"6":{"start":{"line":18,"column":26},"end":{"line":18,"column":38}},"7":{"start":{"line":19,"column":14},"end":{"line":19,"column":15}},"8":{"start":{"line":24,"column":24},"end":{"line":34,"column":3}},"9":{"start":{"line":25,"column":4},"end":{"line":25,"column":17}},"10":{"start":{"line":28,"column":4},"end":{"line":28,"column":59}},"11":{"start":{"line":29,"column":4},"end":{"line":29,"column":56}},"12":{"start":{"line":32,"column":4},"end":{"line":32,"column":58}},"13":{"start":{"line":33,"column":4},"end":{"line":33,"column":55}},"14":{"start":{"line":37,"column":2},"end":{"line":76,"column":9}},"15":{"start":{"line":43,"column":14},"end":{"line":43,"column":22}},"16":{"start":{"line":44,"column":14},"end":{"line":49,"column":22}},"17":{"start":{"line":44,"column":42},"end":{"line":44,"column":79}}},"fnMap":{"0":{"name":"(anonymous_0)","decl":{"start":{"line":5,"column":21},"end":{"line":5,"column":22}},"loc":{"start":{"line":5,"column":27},"end":{"line":77,"column":1}},"line":5},"1":{"name":"(anonymous_1)","decl":{"start":{"line":6,"column":58},"end":{"line":6,"column":59}},"loc":{"start":{"line":6,"column":69},"end":{"line":6,"column":83}},"line":6},"2":{"name":"(anonymous_2)","decl":{"start":{"line":10,"column":12},"end":{"line":10,"column":13}},"loc":{"start":{"line":10,"column":18},"end":{"line":14,"column":3}},"line":10},"3":{"name":"(anonymous_3)","decl":{"start":{"line":24,"column":24},"end":{"line":24,"column":25}},"loc":{"start":{"line":24,"column":33},"end":{"line":34,"column":3}},"line":24},"4":{"name":"(anonymous_4)","decl":{"start":{"line":42,"column":28},"end":{"line":42,"column":29}},"loc":{"start":{"line":42,"column":39},"end":{"line":50,"column":13}},"line":42},"5":{"name":"(anonymous_5)","decl":{"start":{"line":44,"column":34},"end":{"line":44,"column":35}},"loc":{"start":{"line":44,"column":40},"end":{"line":44,"column":81}},"line":44},"6":{"name":"(anonymous_6)","decl":{"start":{"line":58,"column":29},"end":{"line":58,"column":30}},"loc":{"start":{"line":58,"column":35},"end":{"line":58,"column":38}},"line":58}},"branchMap":{"0":{"loc":{"start":{"line":11,"column":4},"end":{"line":13,"column":5}},"type":"if","locations":[{"start":{"line":11,"column":4},"end":{"line":13,"column":5}},{"start":{},"end":{}}],"line":11},"1":{"loc":{"start":{"line":37,"column":9},"end":{"line":76,"column":8}},"type":"cond-expr","locations":[{"start":{"line":38,"column":4},"end":{"line":75,"column":10}},{"start":{"line":76,"column":6},"end":{"line":76,"column":8}}],"line":37}},"s":{"0":1,"1":6,"2":9,"3":6,"4":3,"5":0,"6":6,"7":6,"8":6,"9":0,"10":0,"11":0,"12":0,"13":0,"14":6,"15":0,"16":0,"17":0},"f":{"0":6,"1":9,"2":3,"3":0,"4":0,"5":0,"6":0},"b":{"0":[0,3],"1":[0,6]},"_coverageSchema":"1a1c01bbd47fc00a2c39e90264f33305004495a9","hash":"50b8ed508ef710e92cb2744dd881c4dcb4e6f6c6"}
,"/Users/stanleychu/FEC/src/components/overview/overview.jsx": {"path":"/Users/stanleychu/FEC/src/components/overview/overview.jsx","statementMap":{"0":{"start":{"line":6,"column":12},"end":{"line":6,"column":28}},"1":{"start":{"line":8,"column":17},"end":{"line":83,"column":1}},"2":{"start":{"line":9,"column":46},"end":{"line":9,"column":84}},"3":{"start":{"line":9,"column":69},"end":{"line":9,"column":83}},"4":{"start":{"line":10,"column":19},"end":{"line":10,"column":32}},"5":{"start":{"line":13,"column":2},"end":{"line":49,"column":9}},"6":{"start":{"line":17,"column":4},"end":{"line":48,"column":11}},"7":{"start":{"line":20,"column":10},"end":{"line":22,"column":11}},"8":{"start":{"line":21,"column":12},"end":{"line":21,"column":30}},"9":{"start":{"line":23,"column":10},"end":{"line":23,"column":74}},"10":{"start":{"line":24,"column":10},"end":{"line":24,"column":53}},"11":{"start":{"line":25,"column":10},"end":{"line":25,"column":37}},"12":{"start":{"line":28,"column":10},"end":{"line":30,"column":11}},"13":{"start":{"line":29,"column":12},"end":{"line":29,"column":21}},"14":{"start":{"line":31,"column":10},"end":{"line":43,"column":17}},"15":{"start":{"line":34,"column":16},"end":{"line":36,"column":17}},"16":{"start":{"line":35,"column":18},"end":{"line":35,"column":38}},"17":{"start":{"line":37,"column":16},"end":{"line":37,"column":78}},"18":{"start":{"line":38,"column":16},"end":{"line":38,"column":56}},"19":{"start":{"line":39,"column":16},"end":{"line":39,"column":78}},"20":{"start":{"line":42,"column":16},"end":{"line":42,"column":35}},"21":{"start":{"line":47,"column":10},"end":{"line":47,"column":29}},"22":{"start":{"line":56,"column":2},"end":{"line":82,"column":4}},"23":{"start":{"line":75,"column":12},"end":{"line":75,"column":69}}},"fnMap":{"0":{"name":"(anonymous_0)","decl":{"start":{"line":8,"column":17},"end":{"line":8,"column":18}},"loc":{"start":{"line":8,"column":23},"end":{"line":83,"column":1}},"line":8},"1":{"name":"(anonymous_1)","decl":{"start":{"line":9,"column":58},"end":{"line":9,"column":59}},"loc":{"start":{"line":9,"column":69},"end":{"line":9,"column":83}},"line":9},"2":{"name":"(anonymous_2)","decl":{"start":{"line":13,"column":12},"end":{"line":13,"column":13}},"loc":{"start":{"line":13,"column":18},"end":{"line":49,"column":3}},"line":13},"3":{"name":"(anonymous_3)","decl":{"start":{"line":19,"column":14},"end":{"line":19,"column":15}},"loc":{"start":{"line":19,"column":31},"end":{"line":26,"column":9}},"line":19},"4":{"name":"(anonymous_4)","decl":{"start":{"line":27,"column":14},"end":{"line":27,"column":15}},"loc":{"start":{"line":27,"column":22},"end":{"line":45,"column":9}},"line":27},"5":{"name":"(anonymous_5)","decl":{"start":{"line":33,"column":20},"end":{"line":33,"column":21}},"loc":{"start":{"line":33,"column":39},"end":{"line":40,"column":15}},"line":33},"6":{"name":"(anonymous_6)","decl":{"start":{"line":41,"column":21},"end":{"line":41,"column":22}},"loc":{"start":{"line":41,"column":32},"end":{"line":43,"column":15}},"line":41},"7":{"name":"(anonymous_7)","decl":{"start":{"line":46,"column":15},"end":{"line":46,"column":16}},"loc":{"start":{"line":46,"column":26},"end":{"line":48,"column":9}},"line":46},"8":{"name":"(anonymous_8)","decl":{"start":{"line":74,"column":59},"end":{"line":74,"column":60}},"loc":{"start":{"line":74,"column":72},"end":{"line":76,"column":11}},"line":74}},"branchMap":{"0":{"loc":{"start":{"line":20,"column":10},"end":{"line":22,"column":11}},"type":"if","locations":[{"start":{"line":20,"column":10},"end":{"line":22,"column":11}},{"start":{},"end":{}}],"line":20},"1":{"loc":{"start":{"line":28,"column":10},"end":{"line":30,"column":11}},"type":"if","locations":[{"start":{"line":28,"column":10},"end":{"line":30,"column":11}},{"start":{},"end":{}}],"line":28},"2":{"loc":{"start":{"line":34,"column":16},"end":{"line":36,"column":17}},"type":"if","locations":[{"start":{"line":34,"column":16},"end":{"line":36,"column":17}},{"start":{},"end":{}}],"line":34},"3":{"loc":{"start":{"line":74,"column":11},"end":{"line":76,"column":19}},"type":"cond-expr","locations":[{"start":{"line":74,"column":34},"end":{"line":76,"column":12}},{"start":{"line":76,"column":15},"end":{"line":76,"column":19}}],"line":74}},"s":{"0":1,"1":1,"2":7,"3":9,"4":6,"5":6,"6":3,"7":0,"8":0,"9":0,"10":0,"11":0,"12":0,"13":0,"14":0,"15":0,"16":0,"17":0,"18":0,"19":0,"20":0,"21":0,"22":6,"23":0},"f":{"0":7,"1":9,"2":3,"3":0,"4":0,"5":0,"6":0,"7":0,"8":0},"b":{"0":[0,0],"1":[0,0],"2":[0,0],"3":[0,6]},"_coverageSchema":"1a1c01bbd47fc00a2c39e90264f33305004495a9","hash":"9e29f00a04ee9f0ba0a622e5f6b2387f342daa91"}
,"/Users/stanleychu/FEC/src/components/overview/productInformation.jsx": {"path":"/Users/stanleychu/FEC/src/components/overview/productInformation.jsx","statementMap":{"0":{"start":{"line":6,"column":12},"end":{"line":6,"column":28}},"1":{"start":{"line":8,"column":27},"end":{"line":30,"column":1}},"2":{"start":{"line":10,"column":26},"end":{"line":10,"column":64}},"3":{"start":{"line":10,"column":49},"end":{"line":10,"column":63}},"4":{"start":{"line":11,"column":19},"end":{"line":11,"column":32}},"5":{"start":{"line":15,"column":2},"end":{"line":29,"column":4}}},"fnMap":{"0":{"name":"(anonymous_0)","decl":{"start":{"line":8,"column":27},"end":{"line":8,"column":28}},"loc":{"start":{"line":8,"column":38},"end":{"line":30,"column":1}},"line":8},"1":{"name":"(anonymous_1)","decl":{"start":{"line":10,"column":38},"end":{"line":10,"column":39}},"loc":{"start":{"line":10,"column":49},"end":{"line":10,"column":63}},"line":10}},"branchMap":{},"s":{"0":1,"1":1,"2":7,"3":9,"4":6,"5":6},"f":{"0":7,"1":9},"b":{},"_coverageSchema":"1a1c01bbd47fc00a2c39e90264f33305004495a9","hash":"94cf1a31567023fdcecf65b59b62ec026cefeec4"}
,"/Users/stanleychu/FEC/src/components/overview/styleSelector.jsx": {"path":"/Users/stanleychu/FEC/src/components/overview/styleSelector.jsx","statementMap":{"0":{"start":{"line":5,"column":22},"end":{"line":90,"column":1}},"1":{"start":{"line":6,"column":61},"end":{"line":6,"column":99}},"2":{"start":{"line":6,"column":84},"end":{"line":6,"column":98}},"3":{"start":{"line":7,"column":19},"end":{"line":7,"column":32}},"4":{"start":{"line":11,"column":36},"end":{"line":11,"column":48}},"5":{"start":{"line":16,"column":2},"end":{"line":24,"column":15}},"6":{"start":{"line":17,"column":4},"end":{"line":23,"column":5}},"7":{"start":{"line":18,"column":6},"end":{"line":18,"column":37}},"8":{"start":{"line":20,"column":6},"end":{"line":20,"column":52}},"9":{"start":{"line":21,"column":6},"end":{"line":21,"column":107}},"10":{"start":{"line":22,"column":6},"end":{"line":22,"column":104}},"11":{"start":{"line":31,"column":26},"end":{"line":71,"column":3}},"12":{"start":{"line":33,"column":4},"end":{"line":33,"column":42}},"13":{"start":{"line":35,"column":4},"end":{"line":37,"column":5}},"14":{"start":{"line":36,"column":6},"end":{"line":36,"column":13}},"15":{"start":{"line":40,"column":3},"end":{"line":40,"column":100}},"16":{"start":{"line":41,"column":3},"end":{"line":41,"column":97}},"17":{"start":{"line":46,"column":4},"end":{"line":46,"column":66}},"18":{"start":{"line":49,"column":4},"end":{"line":49,"column":37}},"19":{"start":{"line":52,"column":4},"end":{"line":52,"column":92}},"20":{"start":{"line":53,"column":4},"end":{"line":53,"column":89}},"21":{"start":{"line":58,"column":4},"end":{"line":67,"column":5}},"22":{"start":{"line":59,"column":6},"end":{"line":59,"column":78}},"23":{"start":{"line":60,"column":6},"end":{"line":60,"column":77}},"24":{"start":{"line":61,"column":6},"end":{"line":61,"column":71}},"25":{"start":{"line":62,"column":6},"end":{"line":62,"column":68}},"26":{"start":{"line":64,"column":6},"end":{"line":64,"column":80}},"27":{"start":{"line":65,"column":6},"end":{"line":65,"column":65}},"28":{"start":{"line":66,"column":6},"end":{"line":66,"column":78}},"29":{"start":{"line":70,"column":4},"end":{"line":70,"column":41}},"30":{"start":{"line":73,"column":2},"end":{"line":89,"column":9}},"31":{"start":{"line":75,"column":48},"end":{"line":75,"column":75}},"32":{"start":{"line":79,"column":12},"end":{"line":84,"column":19}},"33":{"start":{"line":80,"column":34},"end":{"line":80,"column":58}}},"fnMap":{"0":{"name":"(anonymous_0)","decl":{"start":{"line":5,"column":22},"end":{"line":5,"column":23}},"loc":{"start":{"line":5,"column":33},"end":{"line":90,"column":1}},"line":5},"1":{"name":"(anonymous_1)","decl":{"start":{"line":6,"column":73},"end":{"line":6,"column":74}},"loc":{"start":{"line":6,"column":84},"end":{"line":6,"column":98}},"line":6},"2":{"name":"(anonymous_2)","decl":{"start":{"line":16,"column":12},"end":{"line":16,"column":13}},"loc":{"start":{"line":16,"column":18},"end":{"line":24,"column":3}},"line":16},"3":{"name":"(anonymous_3)","decl":{"start":{"line":31,"column":26},"end":{"line":31,"column":27}},"loc":{"start":{"line":31,"column":36},"end":{"line":71,"column":3}},"line":31},"4":{"name":"(anonymous_4)","decl":{"start":{"line":75,"column":40},"end":{"line":75,"column":41}},"loc":{"start":{"line":75,"column":46},"end":{"line":75,"column":77}},"line":75},"5":{"name":"(anonymous_5)","decl":{"start":{"line":78,"column":30},"end":{"line":78,"column":31}},"loc":{"start":{"line":78,"column":42},"end":{"line":85,"column":11}},"line":78},"6":{"name":"(anonymous_6)","decl":{"start":{"line":80,"column":27},"end":{"line":80,"column":28}},"loc":{"start":{"line":80,"column":33},"end":{"line":80,"column":59}},"line":80}},"branchMap":{"0":{"loc":{"start":{"line":17,"column":4},"end":{"line":23,"column":5}},"type":"if","locations":[{"start":{"line":17,"column":4},"end":{"line":23,"column":5}},{"start":{"line":19,"column":11},"end":{"line":23,"column":5}}],"line":17},"1":{"loc":{"start":{"line":35,"column":4},"end":{"line":37,"column":5}},"type":"if","locations":[{"start":{"line":35,"column":4},"end":{"line":37,"column":5}},{"start":{},"end":{}}],"line":35},"2":{"loc":{"start":{"line":58,"column":4},"end":{"line":67,"column":5}},"type":"if","locations":[{"start":{"line":58,"column":4},"end":{"line":67,"column":5}},{"start":{"line":63,"column":11},"end":{"line":67,"column":5}}],"line":58},"3":{"loc":{"start":{"line":73,"column":9},"end":{"line":89,"column":8}},"type":"cond-expr","locations":[{"start":{"line":74,"column":4},"end":{"line":88,"column":10}},{"start":{"line":89,"column":6},"end":{"line":89,"column":8}}],"line":73}},"s":{"0":1,"1":6,"2":9,"3":6,"4":6,"5":6,"6":3,"7":3,"8":0,"9":0,"10":0,"11":6,"12":0,"13":0,"14":0,"15":0,"16":0,"17":0,"18":0,"19":0,"20":0,"21":0,"22":0,"23":0,"24":0,"25":0,"26":0,"27":0,"28":0,"29":0,"30":6,"31":0,"32":0,"33":0},"f":{"0":6,"1":9,"2":3,"3":0,"4":0,"5":0,"6":0},"b":{"0":[3,0],"1":[0,0],"2":[0,0],"3":[0,6]},"_coverageSchema":"1a1c01bbd47fc00a2c39e90264f33305004495a9","hash":"e2a8fcefc22f47a3f02903bf9757227b0221304e"}
,"/Users/stanleychu/FEC/src/components/overview/test-utils.js": {"path":"/Users/stanleychu/FEC/src/components/overview/test-utils.js","statementMap":{"0":{"start":{"line":8,"column":15},"end":{"line":13,"column":3}},"1":{"start":{"line":9,"column":18},"end":{"line":11,"column":3}},"2":{"start":{"line":10,"column":2},"end":{"line":10,"column":54}},"3":{"start":{"line":12,"column":2},"end":{"line":12,"column":62}}},"fnMap":{"0":{"name":"(anonymous_0)","decl":{"start":{"line":8,"column":15},"end":{"line":8,"column":16}},"loc":{"start":{"line":8,"column":49},"end":{"line":13,"column":3}},"line":8},"1":{"name":"(anonymous_1)","decl":{"start":{"line":9,"column":18},"end":{"line":9,"column":19}},"loc":{"start":{"line":9,"column":36},"end":{"line":11,"column":3}},"line":9}},"branchMap":{"0":{"loc":{"start":{"line":8,"column":21},"end":{"line":8,"column":44}},"type":"default-arg","locations":[{"start":{"line":8,"column":42},"end":{"line":8,"column":44}}],"line":8}},"s":{"0":1,"1":3,"2":3,"3":3},"f":{"0":3,"1":3},"b":{"0":[3]},"_coverageSchema":"1a1c01bbd47fc00a2c39e90264f33305004495a9","hash":"248af3877e8826ec1a944323c4c38a2b5babca3b"}
,"/Users/stanleychu/FEC/src/components/rating/rating.jsx": {"path":"/Users/stanleychu/FEC/src/components/rating/rating.jsx","statementMap":{"0":{"start":{"line":11,"column":15},"end":{"line":69,"column":1}},"1":{"start":{"line":13,"column":19},"end":{"line":13,"column":32}},"2":{"start":{"line":15,"column":25},"end":{"line":23,"column":3}},"3":{"start":{"line":16,"column":16},"end":{"line":16,"column":17}},"4":{"start":{"line":17,"column":4},"end":{"line":19,"column":7}},"5":{"start":{"line":18,"column":8},"end":{"line":18,"column":34}},"6":{"start":{"line":20,"column":23},"end":{"line":20,"column":43}},"7":{"start":{"line":22,"column":4},"end":{"line":22,"column":60}},"8":{"start":{"line":25,"column":19},"end":{"line":28,"column":3}},"9":{"start":{"line":26,"column":4},"end":{"line":26,"column":19}},"10":{"start":{"line":27,"column":4},"end":{"line":27,"column":20}},"11":{"start":{"line":31,"column":21},"end":{"line":46,"column":2}},"12":{"start":{"line":32,"column":2},"end":{"line":45,"column":5}},"13":{"start":{"line":34,"column":3},"end":{"line":34,"column":60}},"14":{"start":{"line":35,"column":6},"end":{"line":35,"column":52}},"15":{"start":{"line":36,"column":6},"end":{"line":36,"column":48}},"16":{"start":{"line":38,"column":6},"end":{"line":38,"column":60}},"17":{"start":{"line":40,"column":6},"end":{"line":40,"column":37}},"18":{"start":{"line":41,"column":6},"end":{"line":41,"column":38}},"19":{"start":{"line":44,"column":3},"end":{"line":44,"column":46}},"20":{"start":{"line":48,"column":22},"end":{"line":58,"column":3}},"21":{"start":{"line":50,"column":4},"end":{"line":57,"column":7}},"22":{"start":{"line":53,"column":6},"end":{"line":53,"column":47}},"23":{"start":{"line":56,"column":6},"end":{"line":56,"column":49}},"24":{"start":{"line":60,"column":2},"end":{"line":60,"column":26}},"25":{"start":{"line":62,"column":2},"end":{"line":68,"column":4}}},"fnMap":{"0":{"name":"(anonymous_0)","decl":{"start":{"line":11,"column":15},"end":{"line":11,"column":16}},"loc":{"start":{"line":11,"column":21},"end":{"line":69,"column":1}},"line":11},"1":{"name":"(anonymous_1)","decl":{"start":{"line":15,"column":25},"end":{"line":15,"column":26}},"loc":{"start":{"line":15,"column":38},"end":{"line":23,"column":3}},"line":15},"2":{"name":"(anonymous_2)","decl":{"start":{"line":17,"column":20},"end":{"line":17,"column":21}},"loc":{"start":{"line":17,"column":35},"end":{"line":19,"column":5}},"line":17},"3":{"name":"(anonymous_3)","decl":{"start":{"line":25,"column":19},"end":{"line":25,"column":20}},"loc":{"start":{"line":25,"column":25},"end":{"line":28,"column":3}},"line":25},"4":{"name":"(anonymous_4)","decl":{"start":{"line":31,"column":21},"end":{"line":31,"column":22}},"loc":{"start":{"line":31,"column":34},"end":{"line":46,"column":2}},"line":31},"5":{"name":"(anonymous_5)","decl":{"start":{"line":33,"column":8},"end":{"line":33,"column":9}},"loc":{"start":{"line":33,"column":24},"end":{"line":42,"column":3}},"line":33},"6":{"name":"(anonymous_6)","decl":{"start":{"line":43,"column":9},"end":{"line":43,"column":10}},"loc":{"start":{"line":43,"column":18},"end":{"line":45,"column":3}},"line":43},"7":{"name":"(anonymous_7)","decl":{"start":{"line":48,"column":22},"end":{"line":48,"column":23}},"loc":{"start":{"line":48,"column":28},"end":{"line":58,"column":3}},"line":48},"8":{"name":"(anonymous_8)","decl":{"start":{"line":51,"column":10},"end":{"line":51,"column":11}},"loc":{"start":{"line":51,"column":26},"end":{"line":54,"column":5}},"line":51},"9":{"name":"(anonymous_9)","decl":{"start":{"line":55,"column":11},"end":{"line":55,"column":12}},"loc":{"start":{"line":55,"column":20},"end":{"line":57,"column":5}},"line":55}},"branchMap":{},"s":{"0":1,"1":9,"2":0,"3":0,"4":0,"5":0,"6":0,"7":0,"8":0,"9":0,"10":0,"11":0,"12":0,"13":0,"14":0,"15":0,"16":0,"17":0,"18":0,"19":0,"20":0,"21":0,"22":0,"23":0,"24":0,"25":0},"f":{"0":9,"1":0,"2":0,"3":0,"4":0,"5":0,"6":0,"7":0,"8":0,"9":0},"b":{},"_coverageSchema":"1a1c01bbd47fc00a2c39e90264f33305004495a9","hash":"7a3689b410fe3f8c2a6ffffc93bd0dac3fda5337"}
,"/Users/stanleychu/FEC/src/components/rating/review.jsx": {"path":"/Users/stanleychu/FEC/src/components/rating/review.jsx","statementMap":{"0":{"start":{"line":5,"column":15},"end":{"line":61,"column":1}},"1":{"start":{"line":6,"column":29},"end":{"line":6,"column":44}},"2":{"start":{"line":7,"column":27},"end":{"line":7,"column":42}},"3":{"start":{"line":8,"column":39},"end":{"line":8,"column":67}},"4":{"start":{"line":11,"column":25},"end":{"line":23,"column":2}},"5":{"start":{"line":12,"column":2},"end":{"line":12,"column":17}},"6":{"start":{"line":13,"column":2},"end":{"line":22,"column":3}},"7":{"start":{"line":14,"column":16},"end":{"line":14,"column":47}},"8":{"start":{"line":15,"column":3},"end":{"line":21,"column":6}},"9":{"start":{"line":17,"column":4},"end":{"line":17,"column":43}},"10":{"start":{"line":20,"column":4},"end":{"line":20,"column":55}},"11":{"start":{"line":26,"column":13},"end":{"line":26,"column":15}},"12":{"start":{"line":27,"column":12},"end":{"line":27,"column":33}},"13":{"start":{"line":28,"column":1},"end":{"line":28,"column":106}},"14":{"start":{"line":31,"column":1},"end":{"line":37,"column":2}},"15":{"start":{"line":31,"column":14},"end":{"line":31,"column":15}},"16":{"start":{"line":32,"column":2},"end":{"line":36,"column":3}},"17":{"start":{"line":33,"column":3},"end":{"line":33,"column":86}},"18":{"start":{"line":35,"column":3},"end":{"line":35,"column":90}},"19":{"start":{"line":39,"column":1},"end":{"line":60,"column":3}},"20":{"start":{"line":48,"column":66},"end":{"line":48,"column":81}},"21":{"start":{"line":52,"column":4},"end":{"line":52,"column":130}},"22":{"start":{"line":52,"column":31},"end":{"line":52,"column":59}}},"fnMap":{"0":{"name":"(anonymous_0)","decl":{"start":{"line":5,"column":15},"end":{"line":5,"column":16}},"loc":{"start":{"line":5,"column":45},"end":{"line":61,"column":1}},"line":5},"1":{"name":"(anonymous_1)","decl":{"start":{"line":11,"column":25},"end":{"line":11,"column":26}},"loc":{"start":{"line":11,"column":31},"end":{"line":23,"column":2}},"line":11},"2":{"name":"(anonymous_2)","decl":{"start":{"line":16,"column":9},"end":{"line":16,"column":10}},"loc":{"start":{"line":16,"column":15},"end":{"line":18,"column":4}},"line":16},"3":{"name":"(anonymous_3)","decl":{"start":{"line":19,"column":10},"end":{"line":19,"column":11}},"loc":{"start":{"line":19,"column":21},"end":{"line":21,"column":4}},"line":19},"4":{"name":"(anonymous_4)","decl":{"start":{"line":48,"column":60},"end":{"line":48,"column":61}},"loc":{"start":{"line":48,"column":66},"end":{"line":48,"column":81}},"line":48},"5":{"name":"(anonymous_5)","decl":{"start":{"line":50,"column":22},"end":{"line":50,"column":23}},"loc":{"start":{"line":50,"column":36},"end":{"line":53,"column":4}},"line":50},"6":{"name":"(anonymous_6)","decl":{"start":{"line":52,"column":25},"end":{"line":52,"column":26}},"loc":{"start":{"line":52,"column":31},"end":{"line":52,"column":59}},"line":52}},"branchMap":{"0":{"loc":{"start":{"line":13,"column":2},"end":{"line":22,"column":3}},"type":"if","locations":[{"start":{"line":13,"column":2},"end":{"line":22,"column":3}},{"start":{},"end":{}}],"line":13},"1":{"loc":{"start":{"line":32,"column":2},"end":{"line":36,"column":3}},"type":"if","locations":[{"start":{"line":32,"column":2},"end":{"line":36,"column":3}},{"start":{"line":34,"column":9},"end":{"line":36,"column":3}}],"line":32},"2":{"loc":{"start":{"line":46,"column":5},"end":{"line":46,"column":53}},"type":"cond-expr","locations":[{"start":{"line":46,"column":14},"end":{"line":46,"column":25}},{"start":{"line":46,"column":28},"end":{"line":46,"column":53}}],"line":46},"3":{"loc":{"start":{"line":47,"column":5},"end":{"line":47,"column":53}},"type":"cond-expr","locations":[{"start":{"line":47,"column":43},"end":{"line":47,"column":48}},{"start":{"line":47,"column":51},"end":{"line":47,"column":53}}],"line":47},"4":{"loc":{"start":{"line":47,"column":5},"end":{"line":47,"column":40}},"type":"binary-expr","locations":[{"start":{"line":47,"column":5},"end":{"line":47,"column":12}},{"start":{"line":47,"column":16},"end":{"line":47,"column":40}}],"line":47},"5":{"loc":{"start":{"line":48,"column":5},"end":{"line":48,"column":135}},"type":"cond-expr","locations":[{"start":{"line":48,"column":43},"end":{"line":48,"column":128}},{"start":{"line":48,"column":131},"end":{"line":48,"column":135}}],"line":48},"6":{"loc":{"start":{"line":48,"column":5},"end":{"line":48,"column":40}},"type":"binary-expr","locations":[{"start":{"line":48,"column":5},"end":{"line":48,"column":12}},{"start":{"line":48,"column":16},"end":{"line":48,"column":40}}],"line":48},"7":{"loc":{"start":{"line":55,"column":4},"end":{"line":55,"column":92}},"type":"cond-expr","locations":[{"start":{"line":55,"column":23},"end":{"line":55,"column":85}},{"start":{"line":55,"column":88},"end":{"line":55,"column":92}}],"line":55},"8":{"loc":{"start":{"line":56,"column":4},"end":{"line":56,"column":149}},"type":"cond-expr","locations":[{"start":{"line":56,"column":22},"end":{"line":56,"column":142}},{"start":{"line":56,"column":145},"end":{"line":56,"column":149}}],"line":56},"9":{"loc":{"start":{"line":57,"column":59},"end":{"line":57,"column":88}},"type":"cond-expr","locations":[{"start":{"line":57,"column":67},"end":{"line":57,"column":83}},{"start":{"line":57,"column":86},"end":{"line":57,"column":88}}],"line":57}},"s":{"0":1,"1":0,"2":0,"3":0,"4":0,"5":0,"6":0,"7":0,"8":0,"9":0,"10":0,"11":0,"12":0,"13":0,"14":0,"15":0,"16":0,"17":0,"18":0,"19":0,"20":0,"21":0,"22":0},"f":{"0":0,"1":0,"2":0,"3":0,"4":0,"5":0,"6":0},"b":{"0":[0,0],"1":[0,0],"2":[0,0],"3":[0,0],"4":[0,0],"5":[0,0],"6":[0,0],"7":[0,0],"8":[0,0],"9":[0,0]},"_coverageSchema":"1a1c01bbd47fc00a2c39e90264f33305004495a9","hash":"24315b019440931766a25f75736a8be7171e321b"}
,"/Users/stanleychu/FEC/src/components/rating/reviewList.jsx": {"path":"/Users/stanleychu/FEC/src/components/rating/reviewList.jsx","statementMap":{"0":{"start":{"line":6,"column":19},"end":{"line":38,"column":1}},"1":{"start":{"line":7,"column":17},"end":{"line":7,"column":61}},"2":{"start":{"line":7,"column":40},"end":{"line":7,"column":60}},"3":{"start":{"line":9,"column":37},"end":{"line":9,"column":49}},"4":{"start":{"line":10,"column":41},"end":{"line":10,"column":52}},"5":{"start":{"line":11,"column":39},"end":{"line":11,"column":54}},"6":{"start":{"line":14,"column":20},"end":{"line":19,"column":2}},"7":{"start":{"line":15,"column":15},"end":{"line":15,"column":29}},"8":{"start":{"line":16,"column":2},"end":{"line":16,"column":26}},"9":{"start":{"line":17,"column":19},"end":{"line":17,"column":55}},"10":{"start":{"line":18,"column":2},"end":{"line":18,"column":47}},"11":{"start":{"line":21,"column":1},"end":{"line":21,"column":92}},"12":{"start":{"line":21,"column":18},"end":{"line":21,"column":58}},"13":{"start":{"line":21,"column":59},"end":{"line":21,"column":78}},"14":{"start":{"line":23,"column":1},"end":{"line":37,"column":3}},"15":{"start":{"line":27,"column":27},"end":{"line":27,"column":48}},"16":{"start":{"line":30,"column":4},"end":{"line":32,"column":5}},"17":{"start":{"line":31,"column":5},"end":{"line":31,"column":102}}},"fnMap":{"0":{"name":"(anonymous_0)","decl":{"start":{"line":6,"column":19},"end":{"line":6,"column":20}},"loc":{"start":{"line":6,"column":25},"end":{"line":38,"column":1}},"line":6},"1":{"name":"(anonymous_1)","decl":{"start":{"line":7,"column":29},"end":{"line":7,"column":30}},"loc":{"start":{"line":7,"column":40},"end":{"line":7,"column":60}},"line":7},"2":{"name":"(anonymous_2)","decl":{"start":{"line":14,"column":20},"end":{"line":14,"column":21}},"loc":{"start":{"line":14,"column":26},"end":{"line":19,"column":2}},"line":14},"3":{"name":"(anonymous_3)","decl":{"start":{"line":21,"column":11},"end":{"line":21,"column":12}},"loc":{"start":{"line":21,"column":17},"end":{"line":21,"column":79}},"line":21},"4":{"name":"(anonymous_4)","decl":{"start":{"line":27,"column":21},"end":{"line":27,"column":22}},"loc":{"start":{"line":27,"column":27},"end":{"line":27,"column":48}},"line":27},"5":{"name":"(anonymous_5)","decl":{"start":{"line":29,"column":19},"end":{"line":29,"column":20}},"loc":{"start":{"line":29,"column":34},"end":{"line":33,"column":4}},"line":29}},"branchMap":{"0":{"loc":{"start":{"line":25,"column":4},"end":{"line":28,"column":16}},"type":"cond-expr","locations":[{"start":{"line":25,"column":18},"end":{"line":28,"column":9}},{"start":{"line":28,"column":12},"end":{"line":28,"column":16}}],"line":25},"1":{"loc":{"start":{"line":30,"column":4},"end":{"line":32,"column":5}},"type":"if","locations":[{"start":{"line":30,"column":4},"end":{"line":32,"column":5}},{"start":{},"end":{}}],"line":30},"2":{"loc":{"start":{"line":35,"column":4},"end":{"line":35,"column":91}},"type":"cond-expr","locations":[{"start":{"line":35,"column":32},"end":{"line":35,"column":84}},{"start":{"line":35,"column":87},"end":{"line":35,"column":91}}],"line":35}},"s":{"0":1,"1":0,"2":0,"3":0,"4":0,"5":0,"6":0,"7":0,"8":0,"9":0,"10":0,"11":0,"12":0,"13":0,"14":0,"15":0,"16":0,"17":0},"f":{"0":0,"1":0,"2":0,"3":0,"4":0,"5":0},"b":{"0":[0,0],"1":[0,0],"2":[0,0]},"_coverageSchema":"1a1c01bbd47fc00a2c39e90264f33305004495a9","hash":"f6da7fa616dde956a81891dd766ef398be2424e9"}
,"/Users/stanleychu/FEC/src/components/rating/sortOptions.jsx": {"path":"/Users/stanleychu/FEC/src/components/rating/sortOptions.jsx","statementMap":{"0":{"start":{"line":7,"column":18},"end":{"line":50,"column":1}},"1":{"start":{"line":8,"column":18},"end":{"line":8,"column":31}},"2":{"start":{"line":10,"column":16},"end":{"line":10,"column":52}},"3":{"start":{"line":10,"column":39},"end":{"line":10,"column":51}},"4":{"start":{"line":13,"column":20},"end":{"line":38,"column":2}},"5":{"start":{"line":14,"column":20},"end":{"line":14,"column":34}},"6":{"start":{"line":15,"column":2},"end":{"line":37,"column":3}},"7":{"start":{"line":16,"column":3},"end":{"line":16,"column":48}},"8":{"start":{"line":17,"column":9},"end":{"line":37,"column":3}},"9":{"start":{"line":19,"column":3},"end":{"line":26,"column":4}},"10":{"start":{"line":20,"column":25},"end":{"line":20,"column":69}},"11":{"start":{"line":21,"column":4},"end":{"line":21,"column":48}},"12":{"start":{"line":22,"column":4},"end":{"line":22,"column":41}},"13":{"start":{"line":23,"column":4},"end":{"line":23,"column":32}},"14":{"start":{"line":25,"column":4},"end":{"line":25,"column":48}},"15":{"start":{"line":28,"column":9},"end":{"line":37,"column":3}},"16":{"start":{"line":29,"column":3},"end":{"line":36,"column":4}},"17":{"start":{"line":30,"column":24},"end":{"line":30,"column":65}},"18":{"start":{"line":31,"column":4},"end":{"line":31,"column":46}},"19":{"start":{"line":32,"column":4},"end":{"line":32,"column":40}},"20":{"start":{"line":34,"column":4},"end":{"line":34,"column":38}},"21":{"start":{"line":35,"column":4},"end":{"line":35,"column":47}},"22":{"start":{"line":40,"column":1},"end":{"line":49,"column":3}}},"fnMap":{"0":{"name":"(anonymous_0)","decl":{"start":{"line":7,"column":18},"end":{"line":7,"column":19}},"loc":{"start":{"line":7,"column":29},"end":{"line":50,"column":1}},"line":7},"1":{"name":"(anonymous_1)","decl":{"start":{"line":10,"column":28},"end":{"line":10,"column":29}},"loc":{"start":{"line":10,"column":39},"end":{"line":10,"column":51}},"line":10},"2":{"name":"(anonymous_2)","decl":{"start":{"line":13,"column":20},"end":{"line":13,"column":21}},"loc":{"start":{"line":13,"column":27},"end":{"line":38,"column":2}},"line":13}},"branchMap":{"0":{"loc":{"start":{"line":15,"column":2},"end":{"line":37,"column":3}},"type":"if","locations":[{"start":{"line":15,"column":2},"end":{"line":37,"column":3}},{"start":{"line":17,"column":9},"end":{"line":37,"column":3}}],"line":15},"1":{"loc":{"start":{"line":17,"column":9},"end":{"line":37,"column":3}},"type":"if","locations":[{"start":{"line":17,"column":9},"end":{"line":37,"column":3}},{"start":{"line":28,"column":9},"end":{"line":37,"column":3}}],"line":17},"2":{"loc":{"start":{"line":19,"column":3},"end":{"line":26,"column":4}},"type":"if","locations":[{"start":{"line":19,"column":3},"end":{"line":26,"column":4}},{"start":{"line":24,"column":10},"end":{"line":26,"column":4}}],"line":19},"3":{"loc":{"start":{"line":28,"column":9},"end":{"line":37,"column":3}},"type":"if","locations":[{"start":{"line":28,"column":9},"end":{"line":37,"column":3}},{"start":{},"end":{}}],"line":28},"4":{"loc":{"start":{"line":29,"column":3},"end":{"line":36,"column":4}},"type":"if","locations":[{"start":{"line":29,"column":3},"end":{"line":36,"column":4}},{"start":{"line":33,"column":10},"end":{"line":36,"column":4}}],"line":29}},"s":{"0":1,"1":0,"2":0,"3":0,"4":0,"5":0,"6":0,"7":0,"8":0,"9":0,"10":0,"11":0,"12":0,"13":0,"14":0,"15":0,"16":0,"17":0,"18":0,"19":0,"20":0,"21":0,"22":0},"f":{"0":0,"1":0,"2":0},"b":{"0":[0,0],"1":[0,0],"2":[0,0],"3":[0,0],"4":[0,0]},"_coverageSchema":"1a1c01bbd47fc00a2c39e90264f33305004495a9","hash":"597df4954b496e8294ba459edbca426cafde12fd"}
,"/Users/stanleychu/FEC/src/components/relatedItems/card.jsx": {"path":"/Users/stanleychu/FEC/src/components/relatedItems/card.jsx","statementMap":{"0":{"start":{"line":13,"column":2},"end":{"line":29,"column":4}}},"fnMap":{"0":{"name":"Card","decl":{"start":{"line":5,"column":24},"end":{"line":5,"column":28}},"loc":{"start":{"line":10,"column":4},"end":{"line":30,"column":1}},"line":10}},"branchMap":{"0":{"loc":{"start":{"line":5,"column":31},"end":{"line":10,"column":1}},"type":"default-arg","locations":[{"start":{"line":5,"column":41},"end":{"line":10,"column":1}}],"line":5}},"s":{"0":4},"f":{"0":4},"b":{"0":[2]},"_coverageSchema":"1a1c01bbd47fc00a2c39e90264f33305004495a9","hash":"8af6398c0ad106b945c129d023480c7aa9d1041e"}
,"/Users/stanleychu/FEC/src/components/relatedItems/relatedItems.jsx": {"path":"/Users/stanleychu/FEC/src/components/relatedItems/relatedItems.jsx","statementMap":{"0":{"start":{"line":5,"column":21},"end":{"line":24,"column":1}},"1":{"start":{"line":6,"column":19},"end":{"line":13,"column":3}},"2":{"start":{"line":15,"column":2},"end":{"line":23,"column":4}}},"fnMap":{"0":{"name":"(anonymous_0)","decl":{"start":{"line":5,"column":21},"end":{"line":5,"column":22}},"loc":{"start":{"line":5,"column":27},"end":{"line":24,"column":1}},"line":5}},"branchMap":{},"s":{"0":1,"1":2,"2":2},"f":{"0":2},"b":{},"_coverageSchema":"1a1c01bbd47fc00a2c39e90264f33305004495a9","hash":"6c5a6d0dce977d3b35cf97ac97c8c1c307bcca69"}
,"/Users/stanleychu/FEC/src/store/index.js": {"path":"/Users/stanleychu/FEC/src/store/index.js","statementMap":{"0":{"start":{"line":7,"column":21},"end":{"line":15,"column":2}}},"fnMap":{},"branchMap":{},"s":{"0":1},"f":{},"b":{},"_coverageSchema":"1a1c01bbd47fc00a2c39e90264f33305004495a9","hash":"549485aa5b48081233090f61ded5b298f205c867"}
,"/Users/stanleychu/FEC/src/store/overviewSlice.js": {"path":"/Users/stanleychu/FEC/src/store/overviewSlice.js","statementMap":{"0":{"start":{"line":3,"column":21},"end":{"line":9,"column":1}},"1":{"start":{"line":13,"column":22},"end":{"line":33,"column":2}},"2":{"start":{"line":18,"column":6},"end":{"line":18,"column":41}},"3":{"start":{"line":21,"column":6},"end":{"line":21,"column":36}},"4":{"start":{"line":24,"column":6},"end":{"line":24,"column":40}},"5":{"start":{"line":27,"column":6},"end":{"line":27,"column":43}},"6":{"start":{"line":30,"column":6},"end":{"line":30,"column":42}},"7":{"start":{"line":35,"column":91},"end":{"line":35,"column":112}}},"fnMap":{"0":{"name":"(anonymous_0)","decl":{"start":{"line":17,"column":20},"end":{"line":17,"column":21}},"loc":{"start":{"line":17,"column":39},"end":{"line":19,"column":5}},"line":17},"1":{"name":"(anonymous_1)","decl":{"start":{"line":20,"column":15},"end":{"line":20,"column":16}},"loc":{"start":{"line":20,"column":34},"end":{"line":22,"column":5}},"line":20},"2":{"name":"(anonymous_2)","decl":{"start":{"line":23,"column":19},"end":{"line":23,"column":20}},"loc":{"start":{"line":23,"column":38},"end":{"line":25,"column":5}},"line":23},"3":{"name":"(anonymous_3)","decl":{"start":{"line":26,"column":22},"end":{"line":26,"column":23}},"loc":{"start":{"line":26,"column":41},"end":{"line":28,"column":5}},"line":26},"4":{"name":"(anonymous_4)","decl":{"start":{"line":29,"column":17},"end":{"line":29,"column":18}},"loc":{"start":{"line":29,"column":36},"end":{"line":31,"column":5}},"line":29}},"branchMap":{},"s":{"0":1,"1":1,"2":0,"3":0,"4":0,"5":3,"6":0,"7":1},"f":{"0":0,"1":0,"2":0,"3":3,"4":0},"b":{},"_coverageSchema":"1a1c01bbd47fc00a2c39e90264f33305004495a9","hash":"4f632d2babd32a02a82653e7e4380c3d8775750d"}
,"/Users/stanleychu/FEC/src/store/productSlice.js": {"path":"/Users/stanleychu/FEC/src/store/productSlice.js","statementMap":{"0":{"start":{"line":3,"column":21},"end":{"line":6,"column":1}},"1":{"start":{"line":21,"column":21},"end":{"line":34,"column":2}},"2":{"start":{"line":28,"column":6},"end":{"line":28,"column":37}},"3":{"start":{"line":31,"column":6},"end":{"line":31,"column":62}},"4":{"start":{"line":36,"column":30},"end":{"line":36,"column":50}}},"fnMap":{"0":{"name":"(anonymous_0)","decl":{"start":{"line":25,"column":16},"end":{"line":25,"column":17}},"loc":{"start":{"line":25,"column":35},"end":{"line":29,"column":5}},"line":25},"1":{"name":"(anonymous_1)","decl":{"start":{"line":30,"column":17},"end":{"line":30,"column":18}},"loc":{"start":{"line":30,"column":36},"end":{"line":32,"column":5}},"line":30}},"branchMap":{},"s":{"0":1,"1":1,"2":0,"3":0,"4":1},"f":{"0":0,"1":0},"b":{},"_coverageSchema":"1a1c01bbd47fc00a2c39e90264f33305004495a9","hash":"d9ea9633df587e4ef7af5691fb51654890622df0"}
,"/Users/stanleychu/FEC/src/store/ratingSlice.js": {"path":"/Users/stanleychu/FEC/src/store/ratingSlice.js","statementMap":{"0":{"start":{"line":3,"column":21},"end":{"line":10,"column":1}},"1":{"start":{"line":13,"column":20},"end":{"line":37,"column":2}},"2":{"start":{"line":18,"column":6},"end":{"line":18,"column":37}},"3":{"start":{"line":21,"column":6},"end":{"line":21,"column":40}},"4":{"start":{"line":24,"column":6},"end":{"line":24,"column":44}},"5":{"start":{"line":27,"column":6},"end":{"line":27,"column":43}},"6":{"start":{"line":30,"column":6},"end":{"line":30,"column":45}},"7":{"start":{"line":33,"column":6},"end":{"line":33,"column":37}},"8":{"start":{"line":34,"column":6},"end":{"line":34,"column":33}},"9":{"start":{"line":39,"column":112},"end":{"line":39,"column":131}}},"fnMap":{"0":{"name":"(anonymous_0)","decl":{"start":{"line":17,"column":16},"end":{"line":17,"column":17}},"loc":{"start":{"line":17,"column":35},"end":{"line":19,"column":5}},"line":17},"1":{"name":"(anonymous_1)","decl":{"start":{"line":20,"column":19},"end":{"line":20,"column":20}},"loc":{"start":{"line":20,"column":38},"end":{"line":22,"column":5}},"line":20},"2":{"name":"(anonymous_2)","decl":{"start":{"line":23,"column":23},"end":{"line":23,"column":24}},"loc":{"start":{"line":23,"column":42},"end":{"line":25,"column":5}},"line":23},"3":{"name":"(anonymous_3)","decl":{"start":{"line":26,"column":22},"end":{"line":26,"column":23}},"loc":{"start":{"line":26,"column":41},"end":{"line":28,"column":5}},"line":26},"4":{"name":"(anonymous_4)","decl":{"start":{"line":29,"column":24},"end":{"line":29,"column":25}},"loc":{"start":{"line":29,"column":43},"end":{"line":31,"column":5}},"line":29},"5":{"name":"(anonymous_5)","decl":{"start":{"line":32,"column":16},"end":{"line":32,"column":17}},"loc":{"start":{"line":32,"column":35},"end":{"line":35,"column":5}},"line":32}},"branchMap":{},"s":{"0":2,"1":2,"2":0,"3":0,"4":0,"5":0,"6":0,"7":0,"8":0,"9":2},"f":{"0":0,"1":0,"2":0,"3":0,"4":0,"5":0},"b":{},"_coverageSchema":"1a1c01bbd47fc00a2c39e90264f33305004495a9","hash":"c35bd562d8298c56be5edf2fbbe47abe7535c337"}
}
