TN:
SF:src/components/general/Stars.jsx
FN:3,Stars
FN:10,(anonymous_1)
FN:14,(anonymous_2)
FNF:3
FNH:3
FNDA:4,Stars
FNDA:2,(anonymous_1)
FNDA:10,(anonymous_2)
DA:4,4
DA:6,4
DA:7,2
DA:10,2
DA:11,2
DA:12,2
DA:14,2
DA:15,10
DA:16,8
DA:24,2
DA:25,2
DA:26,0
DA:34,2
DA:35,2
DA:43,0
DA:44,0
DA:54,0
DA:63,2
DA:66,2
LF:19
LH:15
BRDA:3,0,0,0
BRDA:3,1,0,0
BRDA:6,2,0,2
BRDA:6,2,1,2
BRDA:6,3,0,4
BRDA:6,3,1,4
BRDA:15,4,0,8
BRDA:15,4,1,2
BRDA:24,5,0,2
BRDA:24,5,1,0
BRDA:25,6,0,0
BRDA:25,6,1,2
BRDA:34,7,0,2
BRDA:34,7,1,0
BRDA:43,8,0,0
BRDA:43,8,1,0
BRF:16
BRH:9
end_of_record
TN:
SF:src/components/overview/cart.jsx
FN:6,(anonymous_0)
FN:7,(anonymous_1)
FN:26,(anonymous_2)
FN:37,(anonymous_3)
FN:50,(anonymous_4)
FN:70,(anonymous_5)
FN:89,(anonymous_6)
FN:99,(anonymous_7)
FN:106,(anonymous_8)
FN:113,(anonymous_9)
FN:119,(anonymous_10)
FN:127,(anonymous_11)
FN:133,(anonymous_12)
FN:153,(anonymous_13)
FN:158,(anonymous_14)
FN:158,(anonymous_15)
FN:158,(anonymous_16)
FN:165,(anonymous_17)
FN:165,(anonymous_18)
FN:165,(anonymous_19)
FN:173,(anonymous_20)
FN:182,(anonymous_21)
FNF:22
FNH:3
FNDA:10,(anonymous_0)
FNDA:12,(anonymous_1)
FNDA:6,(anonymous_2)
FNDA:0,(anonymous_3)
FNDA:0,(anonymous_4)
FNDA:0,(anonymous_5)
FNDA:0,(anonymous_6)
FNDA:0,(anonymous_7)
FNDA:0,(anonymous_8)
FNDA:0,(anonymous_9)
FNDA:0,(anonymous_10)
FNDA:0,(anonymous_11)
FNDA:0,(anonymous_12)
FNDA:0,(anonymous_13)
FNDA:0,(anonymous_14)
FNDA:0,(anonymous_15)
FNDA:0,(anonymous_16)
FNDA:0,(anonymous_17)
FNDA:0,(anonymous_18)
FNDA:0,(anonymous_19)
FNDA:0,(anonymous_20)
FNDA:0,(anonymous_21)
DA:4,1
DA:6,1
DA:7,12
DA:8,9
DA:12,9
DA:15,9
DA:16,9
DA:26,9
DA:27,6
DA:28,6
DA:29,6
DA:30,6
DA:37,9
DA:38,0
DA:42,0
DA:50,9
DA:51,0
DA:52,0
DA:53,0
DA:54,0
DA:57,0
DA:58,0
DA:59,0
DA:60,0
DA:62,0
DA:70,9
DA:71,0
DA:73,0
DA:74,0
DA:76,0
DA:77,0
DA:78,0
DA:80,0
DA:81,0
DA:89,9
DA:90,0
DA:92,0
DA:94,0
DA:96,0
DA:97,0
DA:99,0
DA:100,0
DA:103,0
DA:104,0
DA:106,0
DA:107,0
DA:113,9
DA:114,0
DA:115,0
DA:119,9
DA:120,0
DA:121,0
DA:122,0
DA:123,0
DA:125,0
DA:126,0
DA:128,0
DA:129,0
DA:131,0
DA:134,0
DA:139,9
DA:151,9
DA:153,0
DA:158,0
DA:165,0
DA:173,0
DA:182,0
LF:67
LH:20
BRDA:53,0,0,0
BRDA:53,0,1,0
BRDA:57,1,0,0
BRDA:57,1,1,0
BRDA:94,2,0,0
BRDA:94,2,1,0
BRDA:120,3,0,0
BRDA:120,3,1,0
BRDA:128,4,0,0
BRDA:128,4,1,0
BRDA:158,5,0,0
BRDA:158,5,1,0
BRDA:159,6,0,9
BRDA:159,6,1,0
BRDA:160,7,0,0
BRDA:160,7,1,9
BRDA:165,8,0,0
BRDA:165,8,1,0
BRDA:166,9,0,0
BRDA:166,9,1,9
BRF:20
BRH:3
end_of_record
TN:
SF:src/components/overview/image.jsx
FN:5,(anonymous_0)
FN:6,(anonymous_1)
FN:10,(anonymous_2)
FN:24,(anonymous_3)
FN:42,(anonymous_4)
FN:44,(anonymous_5)
FN:58,(anonymous_6)
FNF:7
FNH:3
FNDA:6,(anonymous_0)
FNDA:9,(anonymous_1)
FNDA:3,(anonymous_2)
FNDA:0,(anonymous_3)
FNDA:0,(anonymous_4)
FNDA:0,(anonymous_5)
FNDA:0,(anonymous_6)
DA:5,1
DA:6,9
DA:10,6
DA:11,3
DA:12,0
DA:18,6
DA:19,6
DA:24,6
DA:25,0
DA:28,0
DA:29,0
DA:32,0
DA:33,0
DA:37,6
DA:43,0
DA:44,0
LF:16
LH:8
BRDA:11,0,0,0
BRDA:11,0,1,3
BRDA:37,1,0,0
BRDA:37,1,1,6
BRF:4
BRH:2
end_of_record
TN:
SF:src/components/overview/overview.jsx
FN:8,(anonymous_0)
FN:9,(anonymous_1)
FN:13,(anonymous_2)
FN:19,(anonymous_3)
FN:27,(anonymous_4)
FN:33,(anonymous_5)
FN:41,(anonymous_6)
FN:46,(anonymous_7)
FN:74,(anonymous_8)
FNF:9
FNH:3
FNDA:7,(anonymous_0)
FNDA:9,(anonymous_1)
FNDA:3,(anonymous_2)
FNDA:0,(anonymous_3)
FNDA:0,(anonymous_4)
FNDA:0,(anonymous_5)
FNDA:0,(anonymous_6)
FNDA:0,(anonymous_7)
FNDA:0,(anonymous_8)
DA:6,1
DA:8,1
DA:9,9
DA:10,6
DA:13,6
DA:17,3
DA:20,0
DA:21,0
DA:23,0
DA:24,0
DA:25,0
DA:28,0
DA:29,0
DA:31,0
DA:34,0
DA:35,0
DA:37,0
DA:38,0
DA:39,0
DA:42,0
DA:47,0
DA:56,6
DA:75,0
LF:23
LH:7
BRDA:20,0,0,0
BRDA:20,0,1,0
BRDA:28,1,0,0
BRDA:28,1,1,0
BRDA:34,2,0,0
BRDA:34,2,1,0
BRDA:74,3,0,0
BRDA:74,3,1,6
BRF:8
BRH:1
end_of_record
TN:
SF:src/components/overview/productInformation.jsx
FN:8,(anonymous_0)
FN:10,(anonymous_1)
FNF:2
FNH:2
FNDA:7,(anonymous_0)
FNDA:9,(anonymous_1)
DA:6,1
DA:8,1
DA:10,9
DA:11,6
DA:15,6
LF:5
LH:5
BRF:0
BRH:0
end_of_record
TN:
SF:src/components/overview/styleSelector.jsx
FN:5,(anonymous_0)
FN:6,(anonymous_1)
FN:16,(anonymous_2)
FN:31,(anonymous_3)
FN:75,(anonymous_4)
FN:78,(anonymous_5)
FN:80,(anonymous_6)
FNF:7
FNH:3
FNDA:6,(anonymous_0)
FNDA:9,(anonymous_1)
FNDA:3,(anonymous_2)
FNDA:0,(anonymous_3)
FNDA:0,(anonymous_4)
FNDA:0,(anonymous_5)
FNDA:0,(anonymous_6)
DA:5,1
DA:6,9
DA:7,6
DA:11,6
DA:16,6
DA:17,3
DA:18,3
DA:20,0
DA:21,0
DA:22,0
DA:31,6
DA:33,0
DA:35,0
DA:36,0
DA:40,0
DA:41,0
DA:46,0
DA:49,0
DA:52,0
DA:53,0
DA:58,0
DA:59,0
DA:60,0
DA:61,0
DA:62,0
DA:64,0
DA:65,0
DA:66,0
DA:70,0
DA:73,6
DA:75,0
DA:79,0
DA:80,0
LF:33
LH:9
BRDA:17,0,0,3
BRDA:17,0,1,0
BRDA:35,1,0,0
BRDA:35,1,1,0
BRDA:58,2,0,0
BRDA:58,2,1,0
BRDA:73,3,0,0
BRDA:73,3,1,6
BRF:8
BRH:2
end_of_record
TN:
SF:src/components/overview/test-utils.js
FN:8,(anonymous_0)
FN:9,(anonymous_1)
FNF:2
FNH:2
FNDA:3,(anonymous_0)
FNDA:3,(anonymous_1)
DA:8,1
DA:9,3
DA:10,3
DA:12,3
LF:4
LH:4
BRDA:8,0,0,3
BRF:1
BRH:1
end_of_record
TN:
SF:src/components/rating/rating.jsx
FN:11,(anonymous_0)
FN:15,(anonymous_1)
FN:17,(anonymous_2)
FN:25,(anonymous_3)
FN:31,(anonymous_4)
FN:33,(anonymous_5)
FN:43,(anonymous_6)
FN:48,(anonymous_7)
FN:51,(anonymous_8)
FN:55,(anonymous_9)
FNF:10
FNH:1
FNDA:9,(anonymous_0)
FNDA:0,(anonymous_1)
FNDA:0,(anonymous_2)
FNDA:0,(anonymous_3)
FNDA:0,(anonymous_4)
FNDA:0,(anonymous_5)
FNDA:0,(anonymous_6)
FNDA:0,(anonymous_7)
FNDA:0,(anonymous_8)
FNDA:0,(anonymous_9)
DA:11,1
DA:13,9
DA:15,0
DA:16,0
DA:17,0
DA:18,0
DA:20,0
DA:22,0
DA:25,0
DA:26,0
DA:27,0
DA:31,0
DA:32,0
DA:34,0
DA:35,0
DA:36,0
DA:38,0
DA:40,0
DA:41,0
DA:44,0
DA:48,0
DA:50,0
DA:53,0
DA:56,0
DA:60,0
DA:62,0
LF:26
LH:2
BRF:0
BRH:0
end_of_record
TN:
SF:src/components/rating/review.jsx
FN:5,(anonymous_0)
FN:11,(anonymous_1)
FN:16,(anonymous_2)
FN:19,(anonymous_3)
FN:48,(anonymous_4)
FN:50,(anonymous_5)
FN:52,(anonymous_6)
FNF:7
FNH:0
FNDA:0,(anonymous_0)
FNDA:0,(anonymous_1)
FNDA:0,(anonymous_2)
FNDA:0,(anonymous_3)
FNDA:0,(anonymous_4)
FNDA:0,(anonymous_5)
FNDA:0,(anonymous_6)
DA:5,1
DA:6,0
DA:7,0
DA:8,0
DA:11,0
DA:12,0
DA:13,0
DA:14,0
DA:15,0
DA:17,0
DA:20,0
DA:26,0
DA:27,0
DA:28,0
DA:31,0
DA:32,0
DA:33,0
DA:35,0
DA:39,0
DA:48,0
DA:52,0
LF:21
LH:1
BRDA:13,0,0,0
BRDA:13,0,1,0
BRDA:32,1,0,0
BRDA:32,1,1,0
BRDA:46,2,0,0
BRDA:46,2,1,0
BRDA:47,3,0,0
BRDA:47,3,1,0
BRDA:47,4,0,0
BRDA:47,4,1,0
BRDA:48,5,0,0
BRDA:48,5,1,0
BRDA:48,6,0,0
BRDA:48,6,1,0
BRDA:55,7,0,0
BRDA:55,7,1,0
BRDA:56,8,0,0
BRDA:56,8,1,0
BRDA:57,9,0,0
BRDA:57,9,1,0
BRF:20
BRH:0
end_of_record
TN:
SF:src/components/rating/reviewList.jsx
FN:6,(anonymous_0)
FN:7,(anonymous_1)
FN:14,(anonymous_2)
FN:21,(anonymous_3)
FN:27,(anonymous_4)
FN:29,(anonymous_5)
FNF:6
FNH:0
FNDA:0,(anonymous_0)
FNDA:0,(anonymous_1)
FNDA:0,(anonymous_2)
FNDA:0,(anonymous_3)
FNDA:0,(anonymous_4)
FNDA:0,(anonymous_5)
DA:6,1
DA:7,0
DA:9,0
DA:10,0
DA:11,0
DA:14,0
DA:15,0
DA:16,0
DA:17,0
DA:18,0
DA:21,0
DA:23,0
DA:27,0
DA:30,0
DA:31,0
LF:15
LH:1
BRDA:25,0,0,0
BRDA:25,0,1,0
BRDA:30,1,0,0
BRDA:30,1,1,0
BRDA:35,2,0,0
BRDA:35,2,1,0
BRF:6
BRH:0
end_of_record
TN:
SF:src/components/rating/sortOptions.jsx
FN:7,(anonymous_0)
FN:10,(anonymous_1)
FN:13,(anonymous_2)
FNF:3
FNH:0
FNDA:0,(anonymous_0)
FNDA:0,(anonymous_1)
FNDA:0,(anonymous_2)
DA:7,1
DA:8,0
DA:10,0
DA:13,0
DA:14,0
DA:15,0
DA:16,0
DA:17,0
DA:19,0
DA:20,0
DA:21,0
DA:22,0
DA:23,0
DA:25,0
DA:28,0
DA:29,0
DA:30,0
DA:31,0
DA:32,0
DA:34,0
DA:35,0
DA:40,0
LF:22
LH:1
BRDA:15,0,0,0
BRDA:15,0,1,0
BRDA:17,1,0,0
BRDA:17,1,1,0
BRDA:19,2,0,0
BRDA:19,2,1,0
BRDA:28,3,0,0
BRDA:28,3,1,0
BRDA:29,4,0,0
BRDA:29,4,1,0
BRF:10
BRH:0
end_of_record
TN:
SF:src/components/relatedItems/card.jsx
FN:5,Card
FNF:1
FNH:1
FNDA:4,Card
DA:13,4
LF:1
LH:1
BRDA:5,0,0,2
BRF:1
BRH:1
end_of_record
TN:
SF:src/components/relatedItems/relatedItems.jsx
FN:5,(anonymous_0)
FNF:1
FNH:1
FNDA:2,(anonymous_0)
DA:5,1
DA:6,2
DA:15,2
LF:3
LH:3
BRF:0
BRH:0
end_of_record
TN:
SF:src/store/index.js
FNF:0
FNH:0
DA:7,1
LF:1
LH:1
BRF:0
BRH:0
end_of_record
TN:
SF:src/store/overviewSlice.js
FN:17,(anonymous_0)
FN:20,(anonymous_1)
FN:23,(anonymous_2)
FN:26,(anonymous_3)
FN:29,(anonymous_4)
FNF:5
FNH:1
FNDA:0,(anonymous_0)
FNDA:0,(anonymous_1)
FNDA:0,(anonymous_2)
FNDA:3,(anonymous_3)
FNDA:0,(anonymous_4)
DA:3,1
DA:13,1
DA:18,0
DA:21,0
DA:24,0
DA:27,3
DA:30,0
DA:35,1
LF:8
LH:4
BRF:0
BRH:0
end_of_record
TN:
SF:src/store/productSlice.js
FN:25,(anonymous_0)
FN:30,(anonymous_1)
FNF:2
FNH:0
FNDA:0,(anonymous_0)
FNDA:0,(anonymous_1)
DA:3,1
DA:21,1
DA:28,0
DA:31,0
DA:36,1
LF:5
LH:3
BRF:0
BRH:0
end_of_record
TN:
SF:src/store/ratingSlice.js
FN:17,(anonymous_0)
FN:20,(anonymous_1)
FN:23,(anonymous_2)
FN:26,(anonymous_3)
FN:29,(anonymous_4)
FN:32,(anonymous_5)
FNF:6
FNH:0
FNDA:0,(anonymous_0)
FNDA:0,(anonymous_1)
FNDA:0,(anonymous_2)
FNDA:0,(anonymous_3)
FNDA:0,(anonymous_4)
FNDA:0,(anonymous_5)
DA:3,2
DA:13,2
DA:18,0
DA:21,0
DA:24,0
DA:27,0
DA:30,0
DA:33,0
DA:34,0
DA:39,2
LF:10
LH:3
BRF:0
BRH:0
end_of_record
